

Microchip MPLAB XC8 Assembler V2.05 build -831301201 
                                                                                               Wed Feb 06 08:08:09 2019

Microchip MPLAB XC8 C Compiler v2.05 (Free license) build 20181220022703 Og1 
     1                           	processor	16F18345
     2                           	opt	pw 120
     3                           	opt	flic
     4                           	psect	cinit,global,class=CODE,merge=1,delta=2
     5                           	psect	cstackCOMMON,global,class=COMMON,space=1,delta=1
     6                           	psect	maintext,global,class=CODE,merge=1,split=1,delta=2
     7                           	psect	text1,local,class=CODE,merge=1,delta=2
     8                           	psect	text2,local,class=CODE,merge=1,delta=2
     9                           	psect	text3,local,class=CODE,merge=1,delta=2
    10                           	psect	text4,local,class=CODE,merge=1,delta=2
    11                           	psect	text5,local,class=CODE,merge=1,delta=2
    12                           	dabs	1,0x7E,2
    13  0000                     
    14                           ; Version 2.05
    15                           ; Generated 20/12/2018 GMT
    16                           ; 
    17                           ; Copyright © 2018, Microchip Technology Inc. and its subsidiaries ("Microchip")
    18                           ; All rights reserved.
    19                           ; 
    20                           ; This software is developed by Microchip Technology Inc. and its subsidiaries ("Microch
      +                          ip").
    21                           ; 
    22                           ; Redistribution and use in source and binary forms, with or without modification, are
    23                           ; permitted provided that the following conditions are met:
    24                           ; 
    25                           ;     1. Redistributions of source code must retain the above copyright notice, this lis
      +                          t of
    26                           ;        conditions and the following disclaimer.
    27                           ; 
    28                           ;     2. Redistributions in binary form must reproduce the above copyright notice, this 
      +                          list
    29                           ;        of conditions and the following disclaimer in the documentation and/or other
    30                           ;        materials provided with the distribution.
    31                           ; 
    32                           ;     3. Microchip's name may not be used to endorse or promote products derived from th
      +                          is
    33                           ;        software without specific prior written permission.
    34                           ; 
    35                           ; THIS SOFTWARE IS PROVIDED BY MICROCHIP "AS IS" AND ANY EXPRESS OR IMPLIED WARRANTIES,
    36                           ; INCLUDING, BUT NOT LIMITED TO, THE IMPLIED WARRANTIES OF MERCHANTABILITY AND FITNESS F
      +                          OR
    37                           ; PURPOSE ARE DISCLAIMED.  IN NO EVENT SHALL MICROCHIP BE LIABLE FOR ANY DIRECT, INDIREC
      +                          T,
    38                           ; INCIDENTAL, SPECIAL, EXEMPLARY, OR CONSEQUENTIAL DAMAGES (INCLUDING BUT NOT LIMITED TO
    39                           ; PROCUREMENT OF SUBSTITUTE GOODS OR SERVICES; LOSS OF USE, DATA OR PROFITS; OR BUSINESS
    40                           ; INTERRUPTION) HOWSOEVER CAUSED AND ON ANY THEORY OF LIABILITY, WHETHER IN CONTRACT, ST
      +                          RICT
    41                           ; LIABILITY, OR TORT (INCLUDING NEGLIGENCE OR OTHERWISE) ARISING IN ANY WAY OUT OF THE U
      +                          SE OF
    42                           ; THIS SOFTWARE, EVEN IF ADVISED OF THE POSSIBILITY OF SUCH DAMAGE.
    43                           ; 
    44                           ; 
    45                           ; Code-generator required, PIC16F18345 Definitions
    46                           ; 
    47                           ; SFR Addresses
    48  0000                     	;# 
    49  0001                     	;# 
    50  0002                     	;# 
    51  0003                     	;# 
    52  0004                     	;# 
    53  0005                     	;# 
    54  0006                     	;# 
    55  0007                     	;# 
    56  0008                     	;# 
    57  0009                     	;# 
    58  000A                     	;# 
    59  000B                     	;# 
    60  000C                     	;# 
    61  000D                     	;# 
    62  000E                     	;# 
    63  0010                     	;# 
    64  0011                     	;# 
    65  0012                     	;# 
    66  0013                     	;# 
    67  0014                     	;# 
    68  0015                     	;# 
    69  0015                     	;# 
    70  0016                     	;# 
    71  0016                     	;# 
    72  0017                     	;# 
    73  0018                     	;# 
    74  0019                     	;# 
    75  0019                     	;# 
    76  001A                     	;# 
    77  001B                     	;# 
    78  001C                     	;# 
    79  001D                     	;# 
    80  001E                     	;# 
    81  001F                     	;# 
    82  008C                     	;# 
    83  008D                     	;# 
    84  008E                     	;# 
    85  0090                     	;# 
    86  0091                     	;# 
    87  0092                     	;# 
    88  0093                     	;# 
    89  0094                     	;# 
    90  0097                     	;# 
    91  009B                     	;# 
    92  009B                     	;# 
    93  009C                     	;# 
    94  009D                     	;# 
    95  009E                     	;# 
    96  009F                     	;# 
    97  010C                     	;# 
    98  010D                     	;# 
    99  010E                     	;# 
   100  0111                     	;# 
   101  0112                     	;# 
   102  0113                     	;# 
   103  0114                     	;# 
   104  0115                     	;# 
   105  0116                     	;# 
   106  0117                     	;# 
   107  0118                     	;# 
   108  0119                     	;# 
   109  018C                     	;# 
   110  018D                     	;# 
   111  018E                     	;# 
   112  0197                     	;# 
   113  0199                     	;# 
   114  0199                     	;# 
   115  0199                     	;# 
   116  019A                     	;# 
   117  019A                     	;# 
   118  019A                     	;# 
   119  019B                     	;# 
   120  019B                     	;# 
   121  019B                     	;# 
   122  019B                     	;# 
   123  019B                     	;# 
   124  019C                     	;# 
   125  019C                     	;# 
   126  019C                     	;# 
   127  019D                     	;# 
   128  019D                     	;# 
   129  019D                     	;# 
   130  019E                     	;# 
   131  019E                     	;# 
   132  019E                     	;# 
   133  019F                     	;# 
   134  019F                     	;# 
   135  019F                     	;# 
   136  019F                     	;# 
   137  019F                     	;# 
   138  020C                     	;# 
   139  020D                     	;# 
   140  020E                     	;# 
   141  0211                     	;# 
   142  0211                     	;# 
   143  0212                     	;# 
   144  0212                     	;# 
   145  0213                     	;# 
   146  0213                     	;# 
   147  0214                     	;# 
   148  0214                     	;# 
   149  0215                     	;# 
   150  0215                     	;# 
   151  0215                     	;# 
   152  0215                     	;# 
   153  0216                     	;# 
   154  0216                     	;# 
   155  0217                     	;# 
   156  0217                     	;# 
   157  0219                     	;# 
   158  021A                     	;# 
   159  021B                     	;# 
   160  021C                     	;# 
   161  021D                     	;# 
   162  021D                     	;# 
   163  021E                     	;# 
   164  021F                     	;# 
   165  028C                     	;# 
   166  028D                     	;# 
   167  028E                     	;# 
   168  0291                     	;# 
   169  0291                     	;# 
   170  0292                     	;# 
   171  0293                     	;# 
   172  0294                     	;# 
   173  0295                     	;# 
   174  0295                     	;# 
   175  0296                     	;# 
   176  0297                     	;# 
   177  0298                     	;# 
   178  029F                     	;# 
   179  030C                     	;# 
   180  030D                     	;# 
   181  030E                     	;# 
   182  0311                     	;# 
   183  0311                     	;# 
   184  0312                     	;# 
   185  0313                     	;# 
   186  0314                     	;# 
   187  0315                     	;# 
   188  0315                     	;# 
   189  0316                     	;# 
   190  0317                     	;# 
   191  0318                     	;# 
   192  038C                     	;# 
   193  038D                     	;# 
   194  038E                     	;# 
   195  0391                     	;# 
   196  0392                     	;# 
   197  0393                     	;# 
   198  0394                     	;# 
   199  0395                     	;# 
   200  0396                     	;# 
   201  0397                     	;# 
   202  0398                     	;# 
   203  0399                     	;# 
   204  039A                     	;# 
   205  039C                     	;# 
   206  039D                     	;# 
   207  039E                     	;# 
   208  039F                     	;# 
   209  0411                     	;# 
   210  0411                     	;# 
   211  0412                     	;# 
   212  0413                     	;# 
   213  0414                     	;# 
   214  0415                     	;# 
   215  0416                     	;# 
   216  0417                     	;# 
   217  0418                     	;# 
   218  0418                     	;# 
   219  0419                     	;# 
   220  041A                     	;# 
   221  041B                     	;# 
   222  041C                     	;# 
   223  041D                     	;# 
   224  041E                     	;# 
   225  041F                     	;# 
   226  0498                     	;# 
   227  0498                     	;# 
   228  0499                     	;# 
   229  049A                     	;# 
   230  049B                     	;# 
   231  049B                     	;# 
   232  049C                     	;# 
   233  049D                     	;# 
   234  049E                     	;# 
   235  049F                     	;# 
   236  0617                     	;# 
   237  0618                     	;# 
   238  0619                     	;# 
   239  0619                     	;# 
   240  061A                     	;# 
   241  061B                     	;# 
   242  061C                     	;# 
   243  061C                     	;# 
   244  061F                     	;# 
   245  0691                     	;# 
   246  0692                     	;# 
   247  0693                     	;# 
   248  0694                     	;# 
   249  0695                     	;# 
   250  0696                     	;# 
   251  0697                     	;# 
   252  0698                     	;# 
   253  0699                     	;# 
   254  0711                     	;# 
   255  0712                     	;# 
   256  0713                     	;# 
   257  0714                     	;# 
   258  0715                     	;# 
   259  0716                     	;# 
   260  0717                     	;# 
   261  0718                     	;# 
   262  0719                     	;# 
   263  0891                     	;# 
   264  0891                     	;# 
   265  0891                     	;# 
   266  0891                     	;# 
   267  0891                     	;# 
   268  0891                     	;# 
   269  0892                     	;# 
   270  0892                     	;# 
   271  0892                     	;# 
   272  0893                     	;# 
   273  0893                     	;# 
   274  0893                     	;# 
   275  0893                     	;# 
   276  0893                     	;# 
   277  0893                     	;# 
   278  0894                     	;# 
   279  0894                     	;# 
   280  0894                     	;# 
   281  0895                     	;# 
   282  0895                     	;# 
   283  0895                     	;# 
   284  0896                     	;# 
   285  0896                     	;# 
   286  0896                     	;# 
   287  089B                     	;# 
   288  0911                     	;# 
   289  0912                     	;# 
   290  0913                     	;# 
   291  0914                     	;# 
   292  0915                     	;# 
   293  0916                     	;# 
   294  0918                     	;# 
   295  0919                     	;# 
   296  091A                     	;# 
   297  091B                     	;# 
   298  091C                     	;# 
   299  091D                     	;# 
   300  091E                     	;# 
   301  091F                     	;# 
   302  0E0F                     	;# 
   303  0E10                     	;# 
   304  0E11                     	;# 
   305  0E12                     	;# 
   306  0E13                     	;# 
   307  0E14                     	;# 
   308  0E15                     	;# 
   309  0E16                     	;# 
   310  0E17                     	;# 
   311  0E18                     	;# 
   312  0E19                     	;# 
   313  0E1A                     	;# 
   314  0E1B                     	;# 
   315  0E1C                     	;# 
   316  0E1D                     	;# 
   317  0E1E                     	;# 
   318  0E1F                     	;# 
   319  0E20                     	;# 
   320  0E21                     	;# 
   321  0E22                     	;# 
   322  0E24                     	;# 
   323  0E25                     	;# 
   324  0E28                     	;# 
   325  0E29                     	;# 
   326  0E2A                     	;# 
   327  0E2B                     	;# 
   328  0E2C                     	;# 
   329  0E2D                     	;# 
   330  0E2E                     	;# 
   331  0E2F                     	;# 
   332  0E90                     	;# 
   333  0E91                     	;# 
   334  0E92                     	;# 
   335  0E94                     	;# 
   336  0E95                     	;# 
   337  0E9C                     	;# 
   338  0E9D                     	;# 
   339  0E9E                     	;# 
   340  0E9F                     	;# 
   341  0EA0                     	;# 
   342  0EA1                     	;# 
   343  0EA2                     	;# 
   344  0EA3                     	;# 
   345  0EA4                     	;# 
   346  0EA5                     	;# 
   347  0EA6                     	;# 
   348  0EA7                     	;# 
   349  0F0F                     	;# 
   350  0F10                     	;# 
   351  0F11                     	;# 
   352  0F12                     	;# 
   353  0F13                     	;# 
   354  0F14                     	;# 
   355  0F15                     	;# 
   356  0F16                     	;# 
   357  0F17                     	;# 
   358  0F18                     	;# 
   359  0F19                     	;# 
   360  0F1A                     	;# 
   361  0F1B                     	;# 
   362  0F1C                     	;# 
   363  0F1D                     	;# 
   364  0F1E                     	;# 
   365  0F1F                     	;# 
   366  0F20                     	;# 
   367  0F21                     	;# 
   368  0F22                     	;# 
   369  0F23                     	;# 
   370  0F24                     	;# 
   371  0F25                     	;# 
   372  0F26                     	;# 
   373  0F27                     	;# 
   374  0F28                     	;# 
   375  0F29                     	;# 
   376  0F2A                     	;# 
   377  0F2B                     	;# 
   378  0F2C                     	;# 
   379  0F2D                     	;# 
   380  0F2E                     	;# 
   381  0F2F                     	;# 
   382  0F30                     	;# 
   383  0F31                     	;# 
   384  0F32                     	;# 
   385  0F33                     	;# 
   386  0F34                     	;# 
   387  0F35                     	;# 
   388  0F36                     	;# 
   389  0F37                     	;# 
   390  0FE4                     	;# 
   391  0FE5                     	;# 
   392  0FE6                     	;# 
   393  0FE7                     	;# 
   394  0FE8                     	;# 
   395  0FE9                     	;# 
   396  0FEA                     	;# 
   397  0FEB                     	;# 
   398  0FED                     	;# 
   399  0FEE                     	;# 
   400  0FEF                     	;# 
   401  0000                     	;# 
   402  0001                     	;# 
   403  0002                     	;# 
   404  0003                     	;# 
   405  0004                     	;# 
   406  0005                     	;# 
   407  0006                     	;# 
   408  0007                     	;# 
   409  0008                     	;# 
   410  0009                     	;# 
   411  000A                     	;# 
   412  000B                     	;# 
   413  000C                     	;# 
   414  000D                     	;# 
   415  000E                     	;# 
   416  0010                     	;# 
   417  0011                     	;# 
   418  0012                     	;# 
   419  0013                     	;# 
   420  0014                     	;# 
   421  0015                     	;# 
   422  0015                     	;# 
   423  0016                     	;# 
   424  0016                     	;# 
   425  0017                     	;# 
   426  0018                     	;# 
   427  0019                     	;# 
   428  0019                     	;# 
   429  001A                     	;# 
   430  001B                     	;# 
   431  001C                     	;# 
   432  001D                     	;# 
   433  001E                     	;# 
   434  001F                     	;# 
   435  008C                     	;# 
   436  008D                     	;# 
   437  008E                     	;# 
   438  0090                     	;# 
   439  0091                     	;# 
   440  0092                     	;# 
   441  0093                     	;# 
   442  0094                     	;# 
   443  0097                     	;# 
   444  009B                     	;# 
   445  009B                     	;# 
   446  009C                     	;# 
   447  009D                     	;# 
   448  009E                     	;# 
   449  009F                     	;# 
   450  010C                     	;# 
   451  010D                     	;# 
   452  010E                     	;# 
   453  0111                     	;# 
   454  0112                     	;# 
   455  0113                     	;# 
   456  0114                     	;# 
   457  0115                     	;# 
   458  0116                     	;# 
   459  0117                     	;# 
   460  0118                     	;# 
   461  0119                     	;# 
   462  018C                     	;# 
   463  018D                     	;# 
   464  018E                     	;# 
   465  0197                     	;# 
   466  0199                     	;# 
   467  0199                     	;# 
   468  0199                     	;# 
   469  019A                     	;# 
   470  019A                     	;# 
   471  019A                     	;# 
   472  019B                     	;# 
   473  019B                     	;# 
   474  019B                     	;# 
   475  019B                     	;# 
   476  019B                     	;# 
   477  019C                     	;# 
   478  019C                     	;# 
   479  019C                     	;# 
   480  019D                     	;# 
   481  019D                     	;# 
   482  019D                     	;# 
   483  019E                     	;# 
   484  019E                     	;# 
   485  019E                     	;# 
   486  019F                     	;# 
   487  019F                     	;# 
   488  019F                     	;# 
   489  019F                     	;# 
   490  019F                     	;# 
   491  020C                     	;# 
   492  020D                     	;# 
   493  020E                     	;# 
   494  0211                     	;# 
   495  0211                     	;# 
   496  0212                     	;# 
   497  0212                     	;# 
   498  0213                     	;# 
   499  0213                     	;# 
   500  0214                     	;# 
   501  0214                     	;# 
   502  0215                     	;# 
   503  0215                     	;# 
   504  0215                     	;# 
   505  0215                     	;# 
   506  0216                     	;# 
   507  0216                     	;# 
   508  0217                     	;# 
   509  0217                     	;# 
   510  0219                     	;# 
   511  021A                     	;# 
   512  021B                     	;# 
   513  021C                     	;# 
   514  021D                     	;# 
   515  021D                     	;# 
   516  021E                     	;# 
   517  021F                     	;# 
   518  028C                     	;# 
   519  028D                     	;# 
   520  028E                     	;# 
   521  0291                     	;# 
   522  0291                     	;# 
   523  0292                     	;# 
   524  0293                     	;# 
   525  0294                     	;# 
   526  0295                     	;# 
   527  0295                     	;# 
   528  0296                     	;# 
   529  0297                     	;# 
   530  0298                     	;# 
   531  029F                     	;# 
   532  030C                     	;# 
   533  030D                     	;# 
   534  030E                     	;# 
   535  0311                     	;# 
   536  0311                     	;# 
   537  0312                     	;# 
   538  0313                     	;# 
   539  0314                     	;# 
   540  0315                     	;# 
   541  0315                     	;# 
   542  0316                     	;# 
   543  0317                     	;# 
   544  0318                     	;# 
   545  038C                     	;# 
   546  038D                     	;# 
   547  038E                     	;# 
   548  0391                     	;# 
   549  0392                     	;# 
   550  0393                     	;# 
   551  0394                     	;# 
   552  0395                     	;# 
   553  0396                     	;# 
   554  0397                     	;# 
   555  0398                     	;# 
   556  0399                     	;# 
   557  039A                     	;# 
   558  039C                     	;# 
   559  039D                     	;# 
   560  039E                     	;# 
   561  039F                     	;# 
   562  0411                     	;# 
   563  0411                     	;# 
   564  0412                     	;# 
   565  0413                     	;# 
   566  0414                     	;# 
   567  0415                     	;# 
   568  0416                     	;# 
   569  0417                     	;# 
   570  0418                     	;# 
   571  0418                     	;# 
   572  0419                     	;# 
   573  041A                     	;# 
   574  041B                     	;# 
   575  041C                     	;# 
   576  041D                     	;# 
   577  041E                     	;# 
   578  041F                     	;# 
   579  0498                     	;# 
   580  0498                     	;# 
   581  0499                     	;# 
   582  049A                     	;# 
   583  049B                     	;# 
   584  049B                     	;# 
   585  049C                     	;# 
   586  049D                     	;# 
   587  049E                     	;# 
   588  049F                     	;# 
   589  0617                     	;# 
   590  0618                     	;# 
   591  0619                     	;# 
   592  0619                     	;# 
   593  061A                     	;# 
   594  061B                     	;# 
   595  061C                     	;# 
   596  061C                     	;# 
   597  061F                     	;# 
   598  0691                     	;# 
   599  0692                     	;# 
   600  0693                     	;# 
   601  0694                     	;# 
   602  0695                     	;# 
   603  0696                     	;# 
   604  0697                     	;# 
   605  0698                     	;# 
   606  0699                     	;# 
   607  0711                     	;# 
   608  0712                     	;# 
   609  0713                     	;# 
   610  0714                     	;# 
   611  0715                     	;# 
   612  0716                     	;# 
   613  0717                     	;# 
   614  0718                     	;# 
   615  0719                     	;# 
   616  0891                     	;# 
   617  0891                     	;# 
   618  0891                     	;# 
   619  0891                     	;# 
   620  0891                     	;# 
   621  0891                     	;# 
   622  0892                     	;# 
   623  0892                     	;# 
   624  0892                     	;# 
   625  0893                     	;# 
   626  0893                     	;# 
   627  0893                     	;# 
   628  0893                     	;# 
   629  0893                     	;# 
   630  0893                     	;# 
   631  0894                     	;# 
   632  0894                     	;# 
   633  0894                     	;# 
   634  0895                     	;# 
   635  0895                     	;# 
   636  0895                     	;# 
   637  0896                     	;# 
   638  0896                     	;# 
   639  0896                     	;# 
   640  089B                     	;# 
   641  0911                     	;# 
   642  0912                     	;# 
   643  0913                     	;# 
   644  0914                     	;# 
   645  0915                     	;# 
   646  0916                     	;# 
   647  0918                     	;# 
   648  0919                     	;# 
   649  091A                     	;# 
   650  091B                     	;# 
   651  091C                     	;# 
   652  091D                     	;# 
   653  091E                     	;# 
   654  091F                     	;# 
   655  0E0F                     	;# 
   656  0E10                     	;# 
   657  0E11                     	;# 
   658  0E12                     	;# 
   659  0E13                     	;# 
   660  0E14                     	;# 
   661  0E15                     	;# 
   662  0E16                     	;# 
   663  0E17                     	;# 
   664  0E18                     	;# 
   665  0E19                     	;# 
   666  0E1A                     	;# 
   667  0E1B                     	;# 
   668  0E1C                     	;# 
   669  0E1D                     	;# 
   670  0E1E                     	;# 
   671  0E1F                     	;# 
   672  0E20                     	;# 
   673  0E21                     	;# 
   674  0E22                     	;# 
   675  0E24                     	;# 
   676  0E25                     	;# 
   677  0E28                     	;# 
   678  0E29                     	;# 
   679  0E2A                     	;# 
   680  0E2B                     	;# 
   681  0E2C                     	;# 
   682  0E2D                     	;# 
   683  0E2E                     	;# 
   684  0E2F                     	;# 
   685  0E90                     	;# 
   686  0E91                     	;# 
   687  0E92                     	;# 
   688  0E94                     	;# 
   689  0E95                     	;# 
   690  0E9C                     	;# 
   691  0E9D                     	;# 
   692  0E9E                     	;# 
   693  0E9F                     	;# 
   694  0EA0                     	;# 
   695  0EA1                     	;# 
   696  0EA2                     	;# 
   697  0EA3                     	;# 
   698  0EA4                     	;# 
   699  0EA5                     	;# 
   700  0EA6                     	;# 
   701  0EA7                     	;# 
   702  0F0F                     	;# 
   703  0F10                     	;# 
   704  0F11                     	;# 
   705  0F12                     	;# 
   706  0F13                     	;# 
   707  0F14                     	;# 
   708  0F15                     	;# 
   709  0F16                     	;# 
   710  0F17                     	;# 
   711  0F18                     	;# 
   712  0F19                     	;# 
   713  0F1A                     	;# 
   714  0F1B                     	;# 
   715  0F1C                     	;# 
   716  0F1D                     	;# 
   717  0F1E                     	;# 
   718  0F1F                     	;# 
   719  0F20                     	;# 
   720  0F21                     	;# 
   721  0F22                     	;# 
   722  0F23                     	;# 
   723  0F24                     	;# 
   724  0F25                     	;# 
   725  0F26                     	;# 
   726  0F27                     	;# 
   727  0F28                     	;# 
   728  0F29                     	;# 
   729  0F2A                     	;# 
   730  0F2B                     	;# 
   731  0F2C                     	;# 
   732  0F2D                     	;# 
   733  0F2E                     	;# 
   734  0F2F                     	;# 
   735  0F30                     	;# 
   736  0F31                     	;# 
   737  0F32                     	;# 
   738  0F33                     	;# 
   739  0F34                     	;# 
   740  0F35                     	;# 
   741  0F36                     	;# 
   742  0F37                     	;# 
   743  0FE4                     	;# 
   744  0FE5                     	;# 
   745  0FE6                     	;# 
   746  0FE7                     	;# 
   747  0FE8                     	;# 
   748  0FE9                     	;# 
   749  0FEA                     	;# 
   750  0FEB                     	;# 
   751  0FED                     	;# 
   752  0FEE                     	;# 
   753  0FEF                     	;# 
   754  0000                     	;# 
   755  0001                     	;# 
   756  0002                     	;# 
   757  0003                     	;# 
   758  0004                     	;# 
   759  0005                     	;# 
   760  0006                     	;# 
   761  0007                     	;# 
   762  0008                     	;# 
   763  0009                     	;# 
   764  000A                     	;# 
   765  000B                     	;# 
   766  000C                     	;# 
   767  000D                     	;# 
   768  000E                     	;# 
   769  0010                     	;# 
   770  0011                     	;# 
   771  0012                     	;# 
   772  0013                     	;# 
   773  0014                     	;# 
   774  0015                     	;# 
   775  0015                     	;# 
   776  0016                     	;# 
   777  0016                     	;# 
   778  0017                     	;# 
   779  0018                     	;# 
   780  0019                     	;# 
   781  0019                     	;# 
   782  001A                     	;# 
   783  001B                     	;# 
   784  001C                     	;# 
   785  001D                     	;# 
   786  001E                     	;# 
   787  001F                     	;# 
   788  008C                     	;# 
   789  008D                     	;# 
   790  008E                     	;# 
   791  0090                     	;# 
   792  0091                     	;# 
   793  0092                     	;# 
   794  0093                     	;# 
   795  0094                     	;# 
   796  0097                     	;# 
   797  009B                     	;# 
   798  009B                     	;# 
   799  009C                     	;# 
   800  009D                     	;# 
   801  009E                     	;# 
   802  009F                     	;# 
   803  010C                     	;# 
   804  010D                     	;# 
   805  010E                     	;# 
   806  0111                     	;# 
   807  0112                     	;# 
   808  0113                     	;# 
   809  0114                     	;# 
   810  0115                     	;# 
   811  0116                     	;# 
   812  0117                     	;# 
   813  0118                     	;# 
   814  0119                     	;# 
   815  018C                     	;# 
   816  018D                     	;# 
   817  018E                     	;# 
   818  0197                     	;# 
   819  0199                     	;# 
   820  0199                     	;# 
   821  0199                     	;# 
   822  019A                     	;# 
   823  019A                     	;# 
   824  019A                     	;# 
   825  019B                     	;# 
   826  019B                     	;# 
   827  019B                     	;# 
   828  019B                     	;# 
   829  019B                     	;# 
   830  019C                     	;# 
   831  019C                     	;# 
   832  019C                     	;# 
   833  019D                     	;# 
   834  019D                     	;# 
   835  019D                     	;# 
   836  019E                     	;# 
   837  019E                     	;# 
   838  019E                     	;# 
   839  019F                     	;# 
   840  019F                     	;# 
   841  019F                     	;# 
   842  019F                     	;# 
   843  019F                     	;# 
   844  020C                     	;# 
   845  020D                     	;# 
   846  020E                     	;# 
   847  0211                     	;# 
   848  0211                     	;# 
   849  0212                     	;# 
   850  0212                     	;# 
   851  0213                     	;# 
   852  0213                     	;# 
   853  0214                     	;# 
   854  0214                     	;# 
   855  0215                     	;# 
   856  0215                     	;# 
   857  0215                     	;# 
   858  0215                     	;# 
   859  0216                     	;# 
   860  0216                     	;# 
   861  0217                     	;# 
   862  0217                     	;# 
   863  0219                     	;# 
   864  021A                     	;# 
   865  021B                     	;# 
   866  021C                     	;# 
   867  021D                     	;# 
   868  021D                     	;# 
   869  021E                     	;# 
   870  021F                     	;# 
   871  028C                     	;# 
   872  028D                     	;# 
   873  028E                     	;# 
   874  0291                     	;# 
   875  0291                     	;# 
   876  0292                     	;# 
   877  0293                     	;# 
   878  0294                     	;# 
   879  0295                     	;# 
   880  0295                     	;# 
   881  0296                     	;# 
   882  0297                     	;# 
   883  0298                     	;# 
   884  029F                     	;# 
   885  030C                     	;# 
   886  030D                     	;# 
   887  030E                     	;# 
   888  0311                     	;# 
   889  0311                     	;# 
   890  0312                     	;# 
   891  0313                     	;# 
   892  0314                     	;# 
   893  0315                     	;# 
   894  0315                     	;# 
   895  0316                     	;# 
   896  0317                     	;# 
   897  0318                     	;# 
   898  038C                     	;# 
   899  038D                     	;# 
   900  038E                     	;# 
   901  0391                     	;# 
   902  0392                     	;# 
   903  0393                     	;# 
   904  0394                     	;# 
   905  0395                     	;# 
   906  0396                     	;# 
   907  0397                     	;# 
   908  0398                     	;# 
   909  0399                     	;# 
   910  039A                     	;# 
   911  039C                     	;# 
   912  039D                     	;# 
   913  039E                     	;# 
   914  039F                     	;# 
   915  0411                     	;# 
   916  0411                     	;# 
   917  0412                     	;# 
   918  0413                     	;# 
   919  0414                     	;# 
   920  0415                     	;# 
   921  0416                     	;# 
   922  0417                     	;# 
   923  0418                     	;# 
   924  0418                     	;# 
   925  0419                     	;# 
   926  041A                     	;# 
   927  041B                     	;# 
   928  041C                     	;# 
   929  041D                     	;# 
   930  041E                     	;# 
   931  041F                     	;# 
   932  0498                     	;# 
   933  0498                     	;# 
   934  0499                     	;# 
   935  049A                     	;# 
   936  049B                     	;# 
   937  049B                     	;# 
   938  049C                     	;# 
   939  049D                     	;# 
   940  049E                     	;# 
   941  049F                     	;# 
   942  0617                     	;# 
   943  0618                     	;# 
   944  0619                     	;# 
   945  0619                     	;# 
   946  061A                     	;# 
   947  061B                     	;# 
   948  061C                     	;# 
   949  061C                     	;# 
   950  061F                     	;# 
   951  0691                     	;# 
   952  0692                     	;# 
   953  0693                     	;# 
   954  0694                     	;# 
   955  0695                     	;# 
   956  0696                     	;# 
   957  0697                     	;# 
   958  0698                     	;# 
   959  0699                     	;# 
   960  0711                     	;# 
   961  0712                     	;# 
   962  0713                     	;# 
   963  0714                     	;# 
   964  0715                     	;# 
   965  0716                     	;# 
   966  0717                     	;# 
   967  0718                     	;# 
   968  0719                     	;# 
   969  0891                     	;# 
   970  0891                     	;# 
   971  0891                     	;# 
   972  0891                     	;# 
   973  0891                     	;# 
   974  0891                     	;# 
   975  0892                     	;# 
   976  0892                     	;# 
   977  0892                     	;# 
   978  0893                     	;# 
   979  0893                     	;# 
   980  0893                     	;# 
   981  0893                     	;# 
   982  0893                     	;# 
   983  0893                     	;# 
   984  0894                     	;# 
   985  0894                     	;# 
   986  0894                     	;# 
   987  0895                     	;# 
   988  0895                     	;# 
   989  0895                     	;# 
   990  0896                     	;# 
   991  0896                     	;# 
   992  0896                     	;# 
   993  089B                     	;# 
   994  0911                     	;# 
   995  0912                     	;# 
   996  0913                     	;# 
   997  0914                     	;# 
   998  0915                     	;# 
   999  0916                     	;# 
  1000  0918                     	;# 
  1001  0919                     	;# 
  1002  091A                     	;# 
  1003  091B                     	;# 
  1004  091C                     	;# 
  1005  091D                     	;# 
  1006  091E                     	;# 
  1007  091F                     	;# 
  1008  0E0F                     	;# 
  1009  0E10                     	;# 
  1010  0E11                     	;# 
  1011  0E12                     	;# 
  1012  0E13                     	;# 
  1013  0E14                     	;# 
  1014  0E15                     	;# 
  1015  0E16                     	;# 
  1016  0E17                     	;# 
  1017  0E18                     	;# 
  1018  0E19                     	;# 
  1019  0E1A                     	;# 
  1020  0E1B                     	;# 
  1021  0E1C                     	;# 
  1022  0E1D                     	;# 
  1023  0E1E                     	;# 
  1024  0E1F                     	;# 
  1025  0E20                     	;# 
  1026  0E21                     	;# 
  1027  0E22                     	;# 
  1028  0E24                     	;# 
  1029  0E25                     	;# 
  1030  0E28                     	;# 
  1031  0E29                     	;# 
  1032  0E2A                     	;# 
  1033  0E2B                     	;# 
  1034  0E2C                     	;# 
  1035  0E2D                     	;# 
  1036  0E2E                     	;# 
  1037  0E2F                     	;# 
  1038  0E90                     	;# 
  1039  0E91                     	;# 
  1040  0E92                     	;# 
  1041  0E94                     	;# 
  1042  0E95                     	;# 
  1043  0E9C                     	;# 
  1044  0E9D                     	;# 
  1045  0E9E                     	;# 
  1046  0E9F                     	;# 
  1047  0EA0                     	;# 
  1048  0EA1                     	;# 
  1049  0EA2                     	;# 
  1050  0EA3                     	;# 
  1051  0EA4                     	;# 
  1052  0EA5                     	;# 
  1053  0EA6                     	;# 
  1054  0EA7                     	;# 
  1055  0F0F                     	;# 
  1056  0F10                     	;# 
  1057  0F11                     	;# 
  1058  0F12                     	;# 
  1059  0F13                     	;# 
  1060  0F14                     	;# 
  1061  0F15                     	;# 
  1062  0F16                     	;# 
  1063  0F17                     	;# 
  1064  0F18                     	;# 
  1065  0F19                     	;# 
  1066  0F1A                     	;# 
  1067  0F1B                     	;# 
  1068  0F1C                     	;# 
  1069  0F1D                     	;# 
  1070  0F1E                     	;# 
  1071  0F1F                     	;# 
  1072  0F20                     	;# 
  1073  0F21                     	;# 
  1074  0F22                     	;# 
  1075  0F23                     	;# 
  1076  0F24                     	;# 
  1077  0F25                     	;# 
  1078  0F26                     	;# 
  1079  0F27                     	;# 
  1080  0F28                     	;# 
  1081  0F29                     	;# 
  1082  0F2A                     	;# 
  1083  0F2B                     	;# 
  1084  0F2C                     	;# 
  1085  0F2D                     	;# 
  1086  0F2E                     	;# 
  1087  0F2F                     	;# 
  1088  0F30                     	;# 
  1089  0F31                     	;# 
  1090  0F32                     	;# 
  1091  0F33                     	;# 
  1092  0F34                     	;# 
  1093  0F35                     	;# 
  1094  0F36                     	;# 
  1095  0F37                     	;# 
  1096  0FE4                     	;# 
  1097  0FE5                     	;# 
  1098  0FE6                     	;# 
  1099  0FE7                     	;# 
  1100  0FE8                     	;# 
  1101  0FE9                     	;# 
  1102  0FEA                     	;# 
  1103  0FEB                     	;# 
  1104  0FED                     	;# 
  1105  0FEE                     	;# 
  1106  0FEF                     	;# 
  1107  0000                     	;# 
  1108  0001                     	;# 
  1109  0002                     	;# 
  1110  0003                     	;# 
  1111  0004                     	;# 
  1112  0005                     	;# 
  1113  0006                     	;# 
  1114  0007                     	;# 
  1115  0008                     	;# 
  1116  0009                     	;# 
  1117  000A                     	;# 
  1118  000B                     	;# 
  1119  000C                     	;# 
  1120  000D                     	;# 
  1121  000E                     	;# 
  1122  0010                     	;# 
  1123  0011                     	;# 
  1124  0012                     	;# 
  1125  0013                     	;# 
  1126  0014                     	;# 
  1127  0015                     	;# 
  1128  0015                     	;# 
  1129  0016                     	;# 
  1130  0016                     	;# 
  1131  0017                     	;# 
  1132  0018                     	;# 
  1133  0019                     	;# 
  1134  0019                     	;# 
  1135  001A                     	;# 
  1136  001B                     	;# 
  1137  001C                     	;# 
  1138  001D                     	;# 
  1139  001E                     	;# 
  1140  001F                     	;# 
  1141  008C                     	;# 
  1142  008D                     	;# 
  1143  008E                     	;# 
  1144  0090                     	;# 
  1145  0091                     	;# 
  1146  0092                     	;# 
  1147  0093                     	;# 
  1148  0094                     	;# 
  1149  0097                     	;# 
  1150  009B                     	;# 
  1151  009B                     	;# 
  1152  009C                     	;# 
  1153  009D                     	;# 
  1154  009E                     	;# 
  1155  009F                     	;# 
  1156  010C                     	;# 
  1157  010D                     	;# 
  1158  010E                     	;# 
  1159  0111                     	;# 
  1160  0112                     	;# 
  1161  0113                     	;# 
  1162  0114                     	;# 
  1163  0115                     	;# 
  1164  0116                     	;# 
  1165  0117                     	;# 
  1166  0118                     	;# 
  1167  0119                     	;# 
  1168  018C                     	;# 
  1169  018D                     	;# 
  1170  018E                     	;# 
  1171  0197                     	;# 
  1172  0199                     	;# 
  1173  0199                     	;# 
  1174  0199                     	;# 
  1175  019A                     	;# 
  1176  019A                     	;# 
  1177  019A                     	;# 
  1178  019B                     	;# 
  1179  019B                     	;# 
  1180  019B                     	;# 
  1181  019B                     	;# 
  1182  019B                     	;# 
  1183  019C                     	;# 
  1184  019C                     	;# 
  1185  019C                     	;# 
  1186  019D                     	;# 
  1187  019D                     	;# 
  1188  019D                     	;# 
  1189  019E                     	;# 
  1190  019E                     	;# 
  1191  019E                     	;# 
  1192  019F                     	;# 
  1193  019F                     	;# 
  1194  019F                     	;# 
  1195  019F                     	;# 
  1196  019F                     	;# 
  1197  020C                     	;# 
  1198  020D                     	;# 
  1199  020E                     	;# 
  1200  0211                     	;# 
  1201  0211                     	;# 
  1202  0212                     	;# 
  1203  0212                     	;# 
  1204  0213                     	;# 
  1205  0213                     	;# 
  1206  0214                     	;# 
  1207  0214                     	;# 
  1208  0215                     	;# 
  1209  0215                     	;# 
  1210  0215                     	;# 
  1211  0215                     	;# 
  1212  0216                     	;# 
  1213  0216                     	;# 
  1214  0217                     	;# 
  1215  0217                     	;# 
  1216  0219                     	;# 
  1217  021A                     	;# 
  1218  021B                     	;# 
  1219  021C                     	;# 
  1220  021D                     	;# 
  1221  021D                     	;# 
  1222  021E                     	;# 
  1223  021F                     	;# 
  1224  028C                     	;# 
  1225  028D                     	;# 
  1226  028E                     	;# 
  1227  0291                     	;# 
  1228  0291                     	;# 
  1229  0292                     	;# 
  1230  0293                     	;# 
  1231  0294                     	;# 
  1232  0295                     	;# 
  1233  0295                     	;# 
  1234  0296                     	;# 
  1235  0297                     	;# 
  1236  0298                     	;# 
  1237  029F                     	;# 
  1238  030C                     	;# 
  1239  030D                     	;# 
  1240  030E                     	;# 
  1241  0311                     	;# 
  1242  0311                     	;# 
  1243  0312                     	;# 
  1244  0313                     	;# 
  1245  0314                     	;# 
  1246  0315                     	;# 
  1247  0315                     	;# 
  1248  0316                     	;# 
  1249  0317                     	;# 
  1250  0318                     	;# 
  1251  038C                     	;# 
  1252  038D                     	;# 
  1253  038E                     	;# 
  1254  0391                     	;# 
  1255  0392                     	;# 
  1256  0393                     	;# 
  1257  0394                     	;# 
  1258  0395                     	;# 
  1259  0396                     	;# 
  1260  0397                     	;# 
  1261  0398                     	;# 
  1262  0399                     	;# 
  1263  039A                     	;# 
  1264  039C                     	;# 
  1265  039D                     	;# 
  1266  039E                     	;# 
  1267  039F                     	;# 
  1268  0411                     	;# 
  1269  0411                     	;# 
  1270  0412                     	;# 
  1271  0413                     	;# 
  1272  0414                     	;# 
  1273  0415                     	;# 
  1274  0416                     	;# 
  1275  0417                     	;# 
  1276  0418                     	;# 
  1277  0418                     	;# 
  1278  0419                     	;# 
  1279  041A                     	;# 
  1280  041B                     	;# 
  1281  041C                     	;# 
  1282  041D                     	;# 
  1283  041E                     	;# 
  1284  041F                     	;# 
  1285  0498                     	;# 
  1286  0498                     	;# 
  1287  0499                     	;# 
  1288  049A                     	;# 
  1289  049B                     	;# 
  1290  049B                     	;# 
  1291  049C                     	;# 
  1292  049D                     	;# 
  1293  049E                     	;# 
  1294  049F                     	;# 
  1295  0617                     	;# 
  1296  0618                     	;# 
  1297  0619                     	;# 
  1298  0619                     	;# 
  1299  061A                     	;# 
  1300  061B                     	;# 
  1301  061C                     	;# 
  1302  061C                     	;# 
  1303  061F                     	;# 
  1304  0691                     	;# 
  1305  0692                     	;# 
  1306  0693                     	;# 
  1307  0694                     	;# 
  1308  0695                     	;# 
  1309  0696                     	;# 
  1310  0697                     	;# 
  1311  0698                     	;# 
  1312  0699                     	;# 
  1313  0711                     	;# 
  1314  0712                     	;# 
  1315  0713                     	;# 
  1316  0714                     	;# 
  1317  0715                     	;# 
  1318  0716                     	;# 
  1319  0717                     	;# 
  1320  0718                     	;# 
  1321  0719                     	;# 
  1322  0891                     	;# 
  1323  0891                     	;# 
  1324  0891                     	;# 
  1325  0891                     	;# 
  1326  0891                     	;# 
  1327  0891                     	;# 
  1328  0892                     	;# 
  1329  0892                     	;# 
  1330  0892                     	;# 
  1331  0893                     	;# 
  1332  0893                     	;# 
  1333  0893                     	;# 
  1334  0893                     	;# 
  1335  0893                     	;# 
  1336  0893                     	;# 
  1337  0894                     	;# 
  1338  0894                     	;# 
  1339  0894                     	;# 
  1340  0895                     	;# 
  1341  0895                     	;# 
  1342  0895                     	;# 
  1343  0896                     	;# 
  1344  0896                     	;# 
  1345  0896                     	;# 
  1346  089B                     	;# 
  1347  0911                     	;# 
  1348  0912                     	;# 
  1349  0913                     	;# 
  1350  0914                     	;# 
  1351  0915                     	;# 
  1352  0916                     	;# 
  1353  0918                     	;# 
  1354  0919                     	;# 
  1355  091A                     	;# 
  1356  091B                     	;# 
  1357  091C                     	;# 
  1358  091D                     	;# 
  1359  091E                     	;# 
  1360  091F                     	;# 
  1361  0E0F                     	;# 
  1362  0E10                     	;# 
  1363  0E11                     	;# 
  1364  0E12                     	;# 
  1365  0E13                     	;# 
  1366  0E14                     	;# 
  1367  0E15                     	;# 
  1368  0E16                     	;# 
  1369  0E17                     	;# 
  1370  0E18                     	;# 
  1371  0E19                     	;# 
  1372  0E1A                     	;# 
  1373  0E1B                     	;# 
  1374  0E1C                     	;# 
  1375  0E1D                     	;# 
  1376  0E1E                     	;# 
  1377  0E1F                     	;# 
  1378  0E20                     	;# 
  1379  0E21                     	;# 
  1380  0E22                     	;# 
  1381  0E24                     	;# 
  1382  0E25                     	;# 
  1383  0E28                     	;# 
  1384  0E29                     	;# 
  1385  0E2A                     	;# 
  1386  0E2B                     	;# 
  1387  0E2C                     	;# 
  1388  0E2D                     	;# 
  1389  0E2E                     	;# 
  1390  0E2F                     	;# 
  1391  0E90                     	;# 
  1392  0E91                     	;# 
  1393  0E92                     	;# 
  1394  0E94                     	;# 
  1395  0E95                     	;# 
  1396  0E9C                     	;# 
  1397  0E9D                     	;# 
  1398  0E9E                     	;# 
  1399  0E9F                     	;# 
  1400  0EA0                     	;# 
  1401  0EA1                     	;# 
  1402  0EA2                     	;# 
  1403  0EA3                     	;# 
  1404  0EA4                     	;# 
  1405  0EA5                     	;# 
  1406  0EA6                     	;# 
  1407  0EA7                     	;# 
  1408  0F0F                     	;# 
  1409  0F10                     	;# 
  1410  0F11                     	;# 
  1411  0F12                     	;# 
  1412  0F13                     	;# 
  1413  0F14                     	;# 
  1414  0F15                     	;# 
  1415  0F16                     	;# 
  1416  0F17                     	;# 
  1417  0F18                     	;# 
  1418  0F19                     	;# 
  1419  0F1A                     	;# 
  1420  0F1B                     	;# 
  1421  0F1C                     	;# 
  1422  0F1D                     	;# 
  1423  0F1E                     	;# 
  1424  0F1F                     	;# 
  1425  0F20                     	;# 
  1426  0F21                     	;# 
  1427  0F22                     	;# 
  1428  0F23                     	;# 
  1429  0F24                     	;# 
  1430  0F25                     	;# 
  1431  0F26                     	;# 
  1432  0F27                     	;# 
  1433  0F28                     	;# 
  1434  0F29                     	;# 
  1435  0F2A                     	;# 
  1436  0F2B                     	;# 
  1437  0F2C                     	;# 
  1438  0F2D                     	;# 
  1439  0F2E                     	;# 
  1440  0F2F                     	;# 
  1441  0F30                     	;# 
  1442  0F31                     	;# 
  1443  0F32                     	;# 
  1444  0F33                     	;# 
  1445  0F34                     	;# 
  1446  0F35                     	;# 
  1447  0F36                     	;# 
  1448  0F37                     	;# 
  1449  0FE4                     	;# 
  1450  0FE5                     	;# 
  1451  0FE6                     	;# 
  1452  0FE7                     	;# 
  1453  0FE8                     	;# 
  1454  0FE9                     	;# 
  1455  0FEA                     	;# 
  1456  0FEB                     	;# 
  1457  0FED                     	;# 
  1458  0FEE                     	;# 
  1459  0FEF                     	;# 
  1460  008E                     _TRISC	set	142
  1461  008D                     _TRISB	set	141
  1462  008C                     _TRISA	set	140
  1463  0097                     _WDTCON	set	151
  1464  010E                     _LATC	set	270
  1465  010D                     _LATB	set	269
  1466  010C                     _LATA	set	268
  1467  0875                     _LATC5	set	2165
  1468  018C                     _ANSELA	set	396
  1469  018D                     _ANSELB	set	397
  1470  018E                     _ANSELC	set	398
  1471  020E                     _WPUC	set	526
  1472  020C                     _WPUA	set	524
  1473  020D                     _WPUB	set	525
  1474  028E                     _ODCONC	set	654
  1475  028D                     _ODCONB	set	653
  1476  028C                     _ODCONA	set	652
  1477  030E                     _SLRCONC	set	782
  1478  030D                     _SLRCONB	set	781
  1479  030C                     _SLRCONA	set	780
  1480  0916                     _PMD5	set	2326
  1481  0915                     _PMD4	set	2325
  1482  0914                     _PMD3	set	2324
  1483  0913                     _PMD2	set	2323
  1484  0912                     _PMD1	set	2322
  1485  0911                     _PMD0	set	2321
  1486  091E                     _OSCTUNE	set	2334
  1487  091F                     _OSCFRQ	set	2335
  1488  091D                     _OSCEN	set	2333
  1489  091B                     _OSCCON3	set	2331
  1490  0919                     _OSCCON1	set	2329
  1491                           
  1492                           ; #config settings
  1493  0000                     
  1494                           	psect	cinit
  1495  07FD                     start_initialization:	
  1496  07FD                     __initialization:	
  1497  07FD                     end_of_initialization:	
  1498                           ;End of C runtime variable initialization code
  1499                           
  1500  07FD                     __end_of__initialization:	
  1501  07FD  0020               	movlb	0
  1502  07FE  3187  2FC3         	ljmp	_main	;jump to C main() function
  1503                           
  1504                           	psect	cstackCOMMON
  1505  0070                     __pcstackCOMMON:	
  1506  0070                     ?_PMD_Initialize:	
  1507  0070                     ??_PMD_Initialize:	
  1508                           ; 1 bytes @ 0x0
  1509                           
  1510  0070                     ?_PIN_MANAGER_Initialize:	
  1511                           ; 1 bytes @ 0x0
  1512                           
  1513  0070                     ??_PIN_MANAGER_Initialize:	
  1514                           ; 1 bytes @ 0x0
  1515                           
  1516  0070                     ?_OSCILLATOR_Initialize:	
  1517                           ; 1 bytes @ 0x0
  1518                           
  1519  0070                     ??_OSCILLATOR_Initialize:	
  1520                           ; 1 bytes @ 0x0
  1521                           
  1522  0070                     ?_WDT_Initialize:	
  1523                           ; 1 bytes @ 0x0
  1524                           
  1525  0070                     ??_WDT_Initialize:	
  1526                           ; 1 bytes @ 0x0
  1527                           
  1528  0070                     ?_SYSTEM_Initialize:	
  1529                           ; 1 bytes @ 0x0
  1530                           
  1531  0070                     ??_SYSTEM_Initialize:	
  1532                           ; 1 bytes @ 0x0
  1533                           
  1534  0070                     ?_main:	
  1535                           ; 1 bytes @ 0x0
  1536                           
  1537  0070                     ??_main:	
  1538                           ; 1 bytes @ 0x0
  1539                           
  1540                           
  1541                           ; 1 bytes @ 0x0
  1542  0070                     	ds	1
  1543                           
  1544                           	psect	maintext
  1545  07C3                     __pmaintext:	
  1546 ;;
  1547 ;;Main: autosize = 0, tempsize = 1, incstack = 0, save=0
  1548 ;;
  1549 ;; *************** function _main *****************
  1550 ;; Defined at:
  1551 ;;		line 50 in file "main.c"
  1552 ;; Parameters:    Size  Location     Type
  1553 ;;		None
  1554 ;; Auto vars:     Size  Location     Type
  1555 ;;		None
  1556 ;; Return value:  Size  Location     Type
  1557 ;;                  1    wreg      void 
  1558 ;; Registers used:
  1559 ;;		wreg, status,2, status,0, pclath, cstack
  1560 ;; Tracked objects:
  1561 ;;		On entry : B1F/0
  1562 ;;		On exit  : 0/0
  1563 ;;		Unchanged: 0/0
  1564 ;; Data sizes:     COMMON   BANK0   BANK1   BANK2   BANK3   BANK4   BANK5   BANK6   BANK7   BANK8   BANK9  BANK10  BANK1
      +1  BANK12
  1565 ;;      Params:         0       0       0       0       0       0       0       0       0       0       0       0       
      +0       0
  1566 ;;      Locals:         0       0       0       0       0       0       0       0       0       0       0       0       
      +0       0
  1567 ;;      Temps:          1       0       0       0       0       0       0       0       0       0       0       0       
      +0       0
  1568 ;;      Totals:         1       0       0       0       0       0       0       0       0       0       0       0       
      +0       0
  1569 ;;Total ram usage:        1 bytes
  1570 ;; Hardware stack levels required when called:    2
  1571 ;; This function calls:
  1572 ;;		_SYSTEM_Initialize
  1573 ;; This function is called by:
  1574 ;;		Startup code after reset
  1575 ;; This function uses a non-reentrant model
  1576 ;;
  1577                           
  1578                           
  1579                           ;psect for function _main
  1580  07C3                     _main:	
  1581                           
  1582                           ;main.c: 53:     SYSTEM_Initialize();
  1583                           
  1584                           ;incstack = 0
  1585                           ; Regs used in _main: [wreg+status,2+status,0+pclath+cstack]
  1586  07C3  3187  27B7  3187   	fcall	_SYSTEM_Initialize
  1587  07C6                     l754:	
  1588                           
  1589                           ;main.c: 71:     {;main.c: 72:         LATC5 = 1;
  1590  07C6  0022               	movlb	2	; select bank2
  1591  07C7  168E               	bsf	14,5	;volatile
  1592                           
  1593                           ;main.c: 73:         _delay((unsigned long)((100)*(500000/4000.0)));
  1594  07C8  3011               	movlw	17
  1595  07C9  00F0               	movwf	??_main
  1596  07CA  303A               	movlw	58
  1597  07CB                     u17:	
  1598  07CB  0B89               	decfsz	9,f
  1599  07CC  2FCB               	goto	u17
  1600  07CD  0BF0               	decfsz	??_main,f
  1601  07CE  2FCB               	goto	u17
  1602  07CF  3200               	nop2
  1603                           
  1604                           ;main.c: 74:         LATC5= 0;
  1605  07D0  0022               	movlb	2	; select bank2
  1606  07D1  128E               	bcf	14,5	;volatile
  1607                           
  1608                           ;main.c: 75:         _delay((unsigned long)((100)*(500000/4000.0)));
  1609  07D2  3011               	movlw	17
  1610  07D3  00F0               	movwf	??_main
  1611  07D4  303A               	movlw	58
  1612  07D5                     u27:	
  1613  07D5  0B89               	decfsz	9,f
  1614  07D6  2FD5               	goto	u27
  1615  07D7  0BF0               	decfsz	??_main,f
  1616  07D8  2FD5               	goto	u27
  1617  07D9  3200               	nop2
  1618  07DA  2FC6               	goto	l754
  1619  07DB                     __end_of_main:	
  1620                           
  1621                           	psect	text1
  1622  07B7                     __ptext1:	
  1623 ;; *************** function _SYSTEM_Initialize *****************
  1624 ;; Defined at:
  1625 ;;		line 50 in file "mcc_generated_files/mcc.c"
  1626 ;; Parameters:    Size  Location     Type
  1627 ;;		None
  1628 ;; Auto vars:     Size  Location     Type
  1629 ;;		None
  1630 ;; Return value:  Size  Location     Type
  1631 ;;                  1    wreg      void 
  1632 ;; Registers used:
  1633 ;;		wreg, status,2, status,0, pclath, cstack
  1634 ;; Tracked objects:
  1635 ;;		On entry : 0/0
  1636 ;;		On exit  : 0/0
  1637 ;;		Unchanged: 0/0
  1638 ;; Data sizes:     COMMON   BANK0   BANK1   BANK2   BANK3   BANK4   BANK5   BANK6   BANK7   BANK8   BANK9  BANK10  BANK1
      +1  BANK12
  1639 ;;      Params:         0       0       0       0       0       0       0       0       0       0       0       0       
      +0       0
  1640 ;;      Locals:         0       0       0       0       0       0       0       0       0       0       0       0       
      +0       0
  1641 ;;      Temps:          0       0       0       0       0       0       0       0       0       0       0       0       
      +0       0
  1642 ;;      Totals:         0       0       0       0       0       0       0       0       0       0       0       0       
      +0       0
  1643 ;;Total ram usage:        0 bytes
  1644 ;; Hardware stack levels used:    1
  1645 ;; Hardware stack levels required when called:    1
  1646 ;; This function calls:
  1647 ;;		_OSCILLATOR_Initialize
  1648 ;;		_PIN_MANAGER_Initialize
  1649 ;;		_PMD_Initialize
  1650 ;;		_WDT_Initialize
  1651 ;; This function is called by:
  1652 ;;		_main
  1653 ;; This function uses a non-reentrant model
  1654 ;;
  1655                           
  1656                           
  1657                           ;psect for function _SYSTEM_Initialize
  1658  07B7                     _SYSTEM_Initialize:	
  1659                           
  1660                           ;mcc_generated_files/mcc.c: 53:     PMD_Initialize();
  1661                           
  1662                           ;incstack = 0
  1663                           ; Regs used in _SYSTEM_Initialize: [wreg+status,2+status,0+pclath+cstack]
  1664  07B7  3187  27AF  3187   	fcall	_PMD_Initialize
  1665                           
  1666                           ;mcc_generated_files/mcc.c: 54:     PIN_MANAGER_Initialize();
  1667  07BA  3187  27DB  3187   	fcall	_PIN_MANAGER_Initialize
  1668                           
  1669                           ;mcc_generated_files/mcc.c: 55:     OSCILLATOR_Initialize();
  1670  07BD  3187  27A7  3187   	fcall	_OSCILLATOR_Initialize
  1671                           
  1672                           ;mcc_generated_files/mcc.c: 56:     WDT_Initialize();
  1673  07C0  3187  27A3         	fcall	_WDT_Initialize
  1674  07C2  0008               	return
  1675  07C3                     __end_of_SYSTEM_Initialize:	
  1676                           
  1677                           	psect	text2
  1678  07A3                     __ptext2:	
  1679 ;; *************** function _WDT_Initialize *****************
  1680 ;; Defined at:
  1681 ;;		line 73 in file "mcc_generated_files/mcc.c"
  1682 ;; Parameters:    Size  Location     Type
  1683 ;;		None
  1684 ;; Auto vars:     Size  Location     Type
  1685 ;;		None
  1686 ;; Return value:  Size  Location     Type
  1687 ;;                  1    wreg      void 
  1688 ;; Registers used:
  1689 ;;		wreg
  1690 ;; Tracked objects:
  1691 ;;		On entry : 0/0
  1692 ;;		On exit  : 0/0
  1693 ;;		Unchanged: 0/0
  1694 ;; Data sizes:     COMMON   BANK0   BANK1   BANK2   BANK3   BANK4   BANK5   BANK6   BANK7   BANK8   BANK9  BANK10  BANK1
      +1  BANK12
  1695 ;;      Params:         0       0       0       0       0       0       0       0       0       0       0       0       
      +0       0
  1696 ;;      Locals:         0       0       0       0       0       0       0       0       0       0       0       0       
      +0       0
  1697 ;;      Temps:          0       0       0       0       0       0       0       0       0       0       0       0       
      +0       0
  1698 ;;      Totals:         0       0       0       0       0       0       0       0       0       0       0       0       
      +0       0
  1699 ;;Total ram usage:        0 bytes
  1700 ;; Hardware stack levels used:    1
  1701 ;; This function calls:
  1702 ;;		Nothing
  1703 ;; This function is called by:
  1704 ;;		_SYSTEM_Initialize
  1705 ;; This function uses a non-reentrant model
  1706 ;;
  1707                           
  1708                           
  1709                           ;psect for function _WDT_Initialize
  1710  07A3                     _WDT_Initialize:	
  1711                           
  1712                           ;mcc_generated_files/mcc.c: 76:     WDTCON = 0x18;
  1713                           
  1714                           ;incstack = 0
  1715                           ; Regs used in _WDT_Initialize: [wreg]
  1716  07A3  3018               	movlw	24
  1717  07A4  0021               	movlb	1	; select bank1
  1718  07A5  0097               	movwf	23	;volatile
  1719  07A6  0008               	return
  1720  07A7                     __end_of_WDT_Initialize:	
  1721                           
  1722                           	psect	text3
  1723  07AF                     __ptext3:	
  1724 ;; *************** function _PMD_Initialize *****************
  1725 ;; Defined at:
  1726 ;;		line 79 in file "mcc_generated_files/mcc.c"
  1727 ;; Parameters:    Size  Location     Type
  1728 ;;		None
  1729 ;; Auto vars:     Size  Location     Type
  1730 ;;		None
  1731 ;; Return value:  Size  Location     Type
  1732 ;;                  1    wreg      void 
  1733 ;; Registers used:
  1734 ;;		status,2
  1735 ;; Tracked objects:
  1736 ;;		On entry : 0/0
  1737 ;;		On exit  : 0/0
  1738 ;;		Unchanged: 0/0
  1739 ;; Data sizes:     COMMON   BANK0   BANK1   BANK2   BANK3   BANK4   BANK5   BANK6   BANK7   BANK8   BANK9  BANK10  BANK1
      +1  BANK12
  1740 ;;      Params:         0       0       0       0       0       0       0       0       0       0       0       0       
      +0       0
  1741 ;;      Locals:         0       0       0       0       0       0       0       0       0       0       0       0       
      +0       0
  1742 ;;      Temps:          0       0       0       0       0       0       0       0       0       0       0       0       
      +0       0
  1743 ;;      Totals:         0       0       0       0       0       0       0       0       0       0       0       0       
      +0       0
  1744 ;;Total ram usage:        0 bytes
  1745 ;; Hardware stack levels used:    1
  1746 ;; This function calls:
  1747 ;;		Nothing
  1748 ;; This function is called by:
  1749 ;;		_SYSTEM_Initialize
  1750 ;; This function uses a non-reentrant model
  1751 ;;
  1752                           
  1753                           
  1754                           ;psect for function _PMD_Initialize
  1755  07AF                     _PMD_Initialize:	
  1756                           
  1757                           ;mcc_generated_files/mcc.c: 82:     PMD0 = 0x00;
  1758                           
  1759                           ;incstack = 0
  1760                           ; Regs used in _PMD_Initialize: [status,2]
  1761  07AF  0032               	movlb	18	; select bank18
  1762  07B0  0191               	clrf	17	;volatile
  1763                           
  1764                           ;mcc_generated_files/mcc.c: 84:     PMD1 = 0x00;
  1765  07B1  0192               	clrf	18	;volatile
  1766                           
  1767                           ;mcc_generated_files/mcc.c: 86:     PMD2 = 0x00;
  1768  07B2  0193               	clrf	19	;volatile
  1769                           
  1770                           ;mcc_generated_files/mcc.c: 88:     PMD3 = 0x00;
  1771  07B3  0194               	clrf	20	;volatile
  1772                           
  1773                           ;mcc_generated_files/mcc.c: 90:     PMD4 = 0x00;
  1774  07B4  0195               	clrf	21	;volatile
  1775                           
  1776                           ;mcc_generated_files/mcc.c: 92:     PMD5 = 0x00;
  1777  07B5  0196               	clrf	22	;volatile
  1778  07B6  0008               	return
  1779  07B7                     __end_of_PMD_Initialize:	
  1780                           
  1781                           	psect	text4
  1782  07DB                     __ptext4:	
  1783 ;; *************** function _PIN_MANAGER_Initialize *****************
  1784 ;; Defined at:
  1785 ;;		line 57 in file "mcc_generated_files/pin_manager.c"
  1786 ;; Parameters:    Size  Location     Type
  1787 ;;		None
  1788 ;; Auto vars:     Size  Location     Type
  1789 ;;		None
  1790 ;; Return value:  Size  Location     Type
  1791 ;;                  1    wreg      void 
  1792 ;; Registers used:
  1793 ;;		wreg, status,2
  1794 ;; Tracked objects:
  1795 ;;		On entry : 0/0
  1796 ;;		On exit  : 0/0
  1797 ;;		Unchanged: 0/0
  1798 ;; Data sizes:     COMMON   BANK0   BANK1   BANK2   BANK3   BANK4   BANK5   BANK6   BANK7   BANK8   BANK9  BANK10  BANK1
      +1  BANK12
  1799 ;;      Params:         0       0       0       0       0       0       0       0       0       0       0       0       
      +0       0
  1800 ;;      Locals:         0       0       0       0       0       0       0       0       0       0       0       0       
      +0       0
  1801 ;;      Temps:          0       0       0       0       0       0       0       0       0       0       0       0       
      +0       0
  1802 ;;      Totals:         0       0       0       0       0       0       0       0       0       0       0       0       
      +0       0
  1803 ;;Total ram usage:        0 bytes
  1804 ;; Hardware stack levels used:    1
  1805 ;; This function calls:
  1806 ;;		Nothing
  1807 ;; This function is called by:
  1808 ;;		_SYSTEM_Initialize
  1809 ;; This function uses a non-reentrant model
  1810 ;;
  1811                           
  1812                           
  1813                           ;psect for function _PIN_MANAGER_Initialize
  1814  07DB                     _PIN_MANAGER_Initialize:	
  1815                           
  1816                           ;mcc_generated_files/pin_manager.c: 62:     LATA = 0x00;
  1817                           
  1818                           ;incstack = 0
  1819                           ; Regs used in _PIN_MANAGER_Initialize: [wreg+status,2]
  1820  07DB  0022               	movlb	2	; select bank2
  1821  07DC  018C               	clrf	12	;volatile
  1822                           
  1823                           ;mcc_generated_files/pin_manager.c: 63:     LATB = 0x00;
  1824  07DD  018D               	clrf	13	;volatile
  1825                           
  1826                           ;mcc_generated_files/pin_manager.c: 64:     LATC = 0x00;
  1827  07DE  018E               	clrf	14	;volatile
  1828                           
  1829                           ;mcc_generated_files/pin_manager.c: 69:     TRISA = 0x37;
  1830  07DF  3037               	movlw	55
  1831  07E0  0021               	movlb	1	; select bank1
  1832  07E1  008C               	movwf	12	;volatile
  1833                           
  1834                           ;mcc_generated_files/pin_manager.c: 70:     TRISB = 0xF0;
  1835  07E2  30F0               	movlw	240
  1836  07E3  008D               	movwf	13	;volatile
  1837                           
  1838                           ;mcc_generated_files/pin_manager.c: 71:     TRISC = 0xDF;
  1839  07E4  30DF               	movlw	223
  1840  07E5  008E               	movwf	14	;volatile
  1841                           
  1842                           ;mcc_generated_files/pin_manager.c: 76:     ANSELC = 0xDB;
  1843  07E6  30DB               	movlw	219
  1844  07E7  0023               	movlb	3	; select bank3
  1845  07E8  008E               	movwf	14	;volatile
  1846                           
  1847                           ;mcc_generated_files/pin_manager.c: 77:     ANSELB = 0xF0;
  1848  07E9  30F0               	movlw	240
  1849  07EA  008D               	movwf	13	;volatile
  1850                           
  1851                           ;mcc_generated_files/pin_manager.c: 78:     ANSELA = 0x17;
  1852  07EB  3017               	movlw	23
  1853  07EC  008C               	movwf	12	;volatile
  1854                           
  1855                           ;mcc_generated_files/pin_manager.c: 83:     WPUB = 0x00;
  1856  07ED  0024               	movlb	4	; select bank4
  1857  07EE  018D               	clrf	13	;volatile
  1858                           
  1859                           ;mcc_generated_files/pin_manager.c: 84:     WPUA = 0x00;
  1860  07EF  018C               	clrf	12	;volatile
  1861                           
  1862                           ;mcc_generated_files/pin_manager.c: 85:     WPUC = 0x00;
  1863  07F0  018E               	clrf	14	;volatile
  1864                           
  1865                           ;mcc_generated_files/pin_manager.c: 90:     ODCONA = 0x00;
  1866  07F1  0025               	movlb	5	; select bank5
  1867  07F2  018C               	clrf	12	;volatile
  1868                           
  1869                           ;mcc_generated_files/pin_manager.c: 91:     ODCONB = 0x00;
  1870  07F3  018D               	clrf	13	;volatile
  1871                           
  1872                           ;mcc_generated_files/pin_manager.c: 92:     ODCONC = 0x00;
  1873  07F4  018E               	clrf	14	;volatile
  1874                           
  1875                           ;mcc_generated_files/pin_manager.c: 97:     SLRCONA = 0x37;
  1876  07F5  3037               	movlw	55
  1877  07F6  0026               	movlb	6	; select bank6
  1878  07F7  008C               	movwf	12	;volatile
  1879                           
  1880                           ;mcc_generated_files/pin_manager.c: 98:     SLRCONB = 0xF0;
  1881  07F8  30F0               	movlw	240
  1882  07F9  008D               	movwf	13	;volatile
  1883                           
  1884                           ;mcc_generated_files/pin_manager.c: 99:     SLRCONC = 0xFF;
  1885  07FA  30FF               	movlw	255
  1886  07FB  008E               	movwf	14	;volatile
  1887  07FC  0008               	return
  1888  07FD                     __end_of_PIN_MANAGER_Initialize:	
  1889                           
  1890                           	psect	text5
  1891  07A7                     __ptext5:	
  1892 ;; *************** function _OSCILLATOR_Initialize *****************
  1893 ;; Defined at:
  1894 ;;		line 59 in file "mcc_generated_files/mcc.c"
  1895 ;; Parameters:    Size  Location     Type
  1896 ;;		None
  1897 ;; Auto vars:     Size  Location     Type
  1898 ;;		None
  1899 ;; Return value:  Size  Location     Type
  1900 ;;                  1    wreg      void 
  1901 ;; Registers used:
  1902 ;;		wreg, status,2
  1903 ;; Tracked objects:
  1904 ;;		On entry : 0/0
  1905 ;;		On exit  : 0/0
  1906 ;;		Unchanged: 0/0
  1907 ;; Data sizes:     COMMON   BANK0   BANK1   BANK2   BANK3   BANK4   BANK5   BANK6   BANK7   BANK8   BANK9  BANK10  BANK1
      +1  BANK12
  1908 ;;      Params:         0       0       0       0       0       0       0       0       0       0       0       0       
      +0       0
  1909 ;;      Locals:         0       0       0       0       0       0       0       0       0       0       0       0       
      +0       0
  1910 ;;      Temps:          0       0       0       0       0       0       0       0       0       0       0       0       
      +0       0
  1911 ;;      Totals:         0       0       0       0       0       0       0       0       0       0       0       0       
      +0       0
  1912 ;;Total ram usage:        0 bytes
  1913 ;; Hardware stack levels used:    1
  1914 ;; This function calls:
  1915 ;;		Nothing
  1916 ;; This function is called by:
  1917 ;;		_SYSTEM_Initialize
  1918 ;; This function uses a non-reentrant model
  1919 ;;
  1920                           
  1921                           
  1922                           ;psect for function _OSCILLATOR_Initialize
  1923  07A7                     _OSCILLATOR_Initialize:	
  1924                           
  1925                           ;mcc_generated_files/mcc.c: 62:     OSCCON1 = 0x61;
  1926                           
  1927                           ;incstack = 0
  1928                           ; Regs used in _OSCILLATOR_Initialize: [wreg+status,2]
  1929  07A7  3061               	movlw	97
  1930  07A8  0032               	movlb	18	; select bank18
  1931  07A9  0099               	movwf	25	;volatile
  1932                           
  1933                           ;mcc_generated_files/mcc.c: 64:     OSCCON3 = 0x00;
  1934  07AA  019B               	clrf	27	;volatile
  1935                           
  1936                           ;mcc_generated_files/mcc.c: 66:     OSCEN = 0x00;
  1937  07AB  019D               	clrf	29	;volatile
  1938                           
  1939                           ;mcc_generated_files/mcc.c: 68:     OSCFRQ = 0x00;
  1940  07AC  019F               	clrf	31	;volatile
  1941                           
  1942                           ;mcc_generated_files/mcc.c: 70:     OSCTUNE = 0x00;
  1943  07AD  019E               	clrf	30	;volatile
  1944  07AE  0008               	return
  1945  07AF                     __end_of_OSCILLATOR_Initialize:	
  1946  007E                     btemp	set	126	;btemp
  1947  007E                     wtemp0	set	126


Data Sizes:
    Strings     0
    Constant    0
    Data        0
    BSS         0
    Persistent  32
    Stack       0

Auto Spaces:
    Space          Size  Autos    Used
    COMMON           14      1       1
    BANK0            80      0       0
    BANK1            80      0       0
    BANK2            80      0       0
    BANK3            80      0       0
    BANK4            80      0       0
    BANK5            80      0       0
    BANK6            80      0       0
    BANK7            80      0       0
    BANK8            80      0       0
    BANK9            80      0       0
    BANK10           80      0       0
    BANK11           80      0       0
    BANK12           48      0       0

Pointer List with Targets:

    None.

Critical Paths under _main in COMMON

    None.

Critical Paths under _main in BANK0

    None.

Critical Paths under _main in BANK1

    None.

Critical Paths under _main in BANK2

    None.

Critical Paths under _main in BANK3

    None.

Critical Paths under _main in BANK4

    None.

Critical Paths under _main in BANK5

    None.

Critical Paths under _main in BANK6

    None.

Critical Paths under _main in BANK7

    None.

Critical Paths under _main in BANK8

    None.

Critical Paths under _main in BANK9

    None.

Critical Paths under _main in BANK10

    None.

Critical Paths under _main in BANK11

    None.

Critical Paths under _main in BANK12

    None.

Call Graph Tables:

 ---------------------------------------------------------------------------------
 (Depth) Function   	        Calls       Base Space   Used Autos Params    Refs
 ---------------------------------------------------------------------------------
 (0) _main                                                 1     1      0       0
                                              0 COMMON     1     1      0
                  _SYSTEM_Initialize
 ---------------------------------------------------------------------------------
 (1) _SYSTEM_Initialize                                    0     0      0       0
              _OSCILLATOR_Initialize
             _PIN_MANAGER_Initialize
                     _PMD_Initialize
                     _WDT_Initialize
 ---------------------------------------------------------------------------------
 (2) _WDT_Initialize                                       0     0      0       0
 ---------------------------------------------------------------------------------
 (2) _PMD_Initialize                                       0     0      0       0
 ---------------------------------------------------------------------------------
 (2) _PIN_MANAGER_Initialize                               0     0      0       0
 ---------------------------------------------------------------------------------
 (2) _OSCILLATOR_Initialize                                0     0      0       0
 ---------------------------------------------------------------------------------
 Estimated maximum stack depth 2
 ---------------------------------------------------------------------------------

 Call Graph Graphs:

 _main (ROOT)
   _SYSTEM_Initialize
     _OSCILLATOR_Initialize
     _PIN_MANAGER_Initialize
     _PMD_Initialize
     _WDT_Initialize

 Address spaces:
Name               Size   Autos  Total    Cost      Usage
BIGRAM             3F0      0       0       0        0.0%
EEDATA             100      0       0       0        0.0%
NULL                 0      0       0       0        0.0%
CODE                 0      0       0       0        0.0%
BITCOMMON            E      0       0       1        0.0%
BITSFR0              0      0       0       1        0.0%
SFR0                 0      0       0       1        0.0%
COMMON               E      1       1       2        7.1%
BITSFR1              0      0       0       2        0.0%
SFR1                 0      0       0       2        0.0%
BITSFR2              0      0       0       3        0.0%
SFR2                 0      0       0       3        0.0%
STACK                0      0       0       3        0.0%
BITBANK0            50      0       0       4        0.0%
BITSFR3              0      0       0       4        0.0%
SFR3                 0      0       0       4        0.0%
BANK0               50      0       0       5        0.0%
BITSFR4              0      0       0       5        0.0%
SFR4                 0      0       0       5        0.0%
BITBANK1            50      0       0       6        0.0%
BITSFR5              0      0       0       6        0.0%
SFR5                 0      0       0       6        0.0%
BANK1               50      0       0       7        0.0%
BITSFR6              0      0       0       7        0.0%
SFR6                 0      0       0       7        0.0%
BITBANK2            50      0       0       8        0.0%
BITSFR7              0      0       0       8        0.0%
SFR7                 0      0       0       8        0.0%
BANK2               50      0       0       9        0.0%
BITSFR8              0      0       0       9        0.0%
SFR8                 0      0       0       9        0.0%
BITBANK3            50      0       0      10        0.0%
BITSFR9              0      0       0      10        0.0%
SFR9                 0      0       0      10        0.0%
BANK3               50      0       0      11        0.0%
BITSFR10             0      0       0      11        0.0%
SFR10                0      0       0      11        0.0%
BITBANK4            50      0       0      12        0.0%
BITSFR11             0      0       0      12        0.0%
SFR11                0      0       0      12        0.0%
BANK4               50      0       0      13        0.0%
BITSFR12             0      0       0      13        0.0%
SFR12                0      0       0      13        0.0%
BITBANK5            50      0       0      14        0.0%
BITSFR13             0      0       0      14        0.0%
SFR13                0      0       0      14        0.0%
BANK5               50      0       0      15        0.0%
BITSFR14             0      0       0      15        0.0%
SFR14                0      0       0      15        0.0%
BITBANK6            50      0       0      16        0.0%
BITSFR15             0      0       0      16        0.0%
SFR15                0      0       0      16        0.0%
BANK6               50      0       0      17        0.0%
BITSFR16             0      0       0      17        0.0%
SFR16                0      0       0      17        0.0%
BITBANK7            50      0       0      18        0.0%
BITSFR17             0      0       0      18        0.0%
SFR17                0      0       0      18        0.0%
BANK7               50      0       0      19        0.0%
BITSFR18             0      0       0      19        0.0%
SFR18                0      0       0      19        0.0%
BITSFR19             0      0       0      20        0.0%
SFR19                0      0       0      20        0.0%
ABS                  0      0       0      20        0.0%
BITBANK8            50      0       0      21        0.0%
BITSFR20             0      0       0      21        0.0%
SFR20                0      0       0      21        0.0%
BANK8               50      0       0      22        0.0%
BITSFR21             0      0       0      22        0.0%
SFR21                0      0       0      22        0.0%
BITBANK9            50      0       0      23        0.0%
BITSFR22             0      0       0      23        0.0%
SFR22                0      0       0      23        0.0%
BANK9               50      0       0      24        0.0%
BITSFR23             0      0       0      24        0.0%
SFR23                0      0       0      24        0.0%
BITBANK10           50      0       0      25        0.0%
BITSFR24             0      0       0      25        0.0%
SFR24                0      0       0      25        0.0%
BANK10              50      0       0      26        0.0%
BITSFR25             0      0       0      26        0.0%
SFR25                0      0       0      26        0.0%
BITBANK11           50      0       0      27        0.0%
BITSFR26             0      0       0      27        0.0%
SFR26                0      0       0      27        0.0%
BANK11              50      0       0      28        0.0%
BITSFR27             0      0       0      28        0.0%
SFR27                0      0       0      28        0.0%
BITBANK12           30      0       0      29        0.0%
BITSFR28             0      0       0      29        0.0%
SFR28                0      0       0      29        0.0%
BANK12              30      0       0      30        0.0%
BITSFR29             0      0       0      30        0.0%
SFR29                0      0       0      30        0.0%
BITSFR30             0      0       0      31        0.0%
SFR30                0      0       0      31        0.0%
DATA                 0      0       0      31        0.0%
BITSFR31             0      0       0      32        0.0%
SFR31                0      0       0      32        0.0%


Microchip Technology PIC Macro Assembler V2.05 build -831301201 
Symbol Table                                                                                   Wed Feb 06 08:08:09 2019

                    __CFG_CP$OFF 0000                               u17 07CB                               u27 07D5  
                    __CFG_LVP$ON 0000                              l754 07C6                     __CFG_CPD$OFF 0000  
        __size_of_PMD_Initialize 0008                              wreg 0009                             _LATA 010C  
                           _LATB 010D                             _LATC 010E                             _PMD0 0911  
                           _PMD1 0912                             _PMD2 0913                             _PMD3 0914  
                           _PMD4 0915                             _PMD5 0916                             _WPUA 020C  
                           _WPUB 020D                             _WPUC 020E                     __CFG_WRT$OFF 0000  
                  __CFG_FCMEN$ON 0000                             _main 07C3                             btemp 007E  
                  __CFG_BOREN$ON 0000                    __CFG_BORV$LOW 0000                             start 0002  
                  __CFG_CSWEN$ON 0000                    __CFG_MCLRE$ON 0000   __size_of_OSCILLATOR_Initialize 0008  
  __end_of_OSCILLATOR_Initialize 07AF                            ?_main 0070                            _LATC5 0875  
                 __CFG_DEBUG$OFF 0000                            _OSCEN 091D                            _TRISA 008C  
                          _TRISB 008D                            _TRISC 008E                   _WDT_Initialize 07A3  
                          wtemp0 007E                  __initialization 07FD                     __end_of_main 07DB  
                         ??_main 0070           __end_of_WDT_Initialize 07A7                           _ANSELA 018C  
                         _ANSELB 018D                           _ANSELC 018E               __CFG_RSTOSC$HFINT1 0000  
                         _ODCONA 028C                           _ODCONB 028D                           _ODCONC 028E  
                         _OSCFRQ 091F                           _WDTCON 0097                   __CFG_PWRTE$OFF 0000  
                 __CFG_STVREN$ON 0000                   _PMD_Initialize 07AF                  ?_WDT_Initialize 0070  
              _SYSTEM_Initialize 07B7          __end_of__initialization 07FD               ?_SYSTEM_Initialize 0070  
                 __pcstackCOMMON 0070              ??_SYSTEM_Initialize 0070           __end_of_PMD_Initialize 07B7  
      __end_of_SYSTEM_Initialize 07C3                       __pmaintext 07C3                  __CFG_PPS1WAY$ON 0000  
                ?_PMD_Initialize 0070                          _OSCCON1 0919                          _OSCCON3 091B  
                        _OSCTUNE 091E                          _SLRCONA 030C                          _SLRCONB 030D  
                        _SLRCONC 030E                          __ptext1 07B7                          __ptext2 07A3  
                        __ptext3 07AF                          __ptext4 07DB                          __ptext5 07A7  
          _OSCILLATOR_Initialize 07A7         ??_PIN_MANAGER_Initialize 0070       __size_of_SYSTEM_Initialize 000C  
           end_of_initialization 07FD                 ??_WDT_Initialize 0070                 __CFG_FEXTOSC$OFF 0000  
         ?_OSCILLATOR_Initialize 0070              start_initialization 07FD  __size_of_PIN_MANAGER_Initialize 0022  
               __CFG_LPBOREN$OFF 0000                 ??_PMD_Initialize 0070                        ___latbits 0002  
         _PIN_MANAGER_Initialize 07DB                 __CFG_WDTE$SWDTEN 0000          ??_OSCILLATOR_Initialize 0070  
                  __size_of_main 0018          __size_of_WDT_Initialize 0004          ?_PIN_MANAGER_Initialize 0070  
              __CFG_CLKOUTEN$OFF 0000   __end_of_PIN_MANAGER_Initialize 07FD  
